[www.cssscript.com/demo/responsive-lightbox-gallery-pure-javascript-css3-lightgallery/index.html]
[backblue.gif]
[fade.gif]
[index.html]
[www.cssscript.com/demo/sticky.css]
[www.cssscript.com/demo/responsive-lightbox-gallery-pure-javascript-css3-lightgallery/css/lightgallery-bundle.css]
[cdn.jsdelivr.net/npm/justifiedGallery@3.8.1/dist/css/justifiedGallery.css]
[cdn.jsdelivr.net/npm/bootstrap@5.0.1/dist/css/bootstrap.css]
[pagead2.googlesyndication.com/pagead/js/f.txt]
[www.cssscript.com/demo/responsive-lightbox-gallery-pure-javascript-css3-lightgallery/Bled, Slovenia]
[cdn.jsdelivr.net/npm/justifiedGallery@3.8.1/dist/js/jquery.justifiedGallery.js]
[www.cssscript.com/demo/responsive-lightbox-gallery-pure-javascript-css3-lightgallery/plugins/autoplay/lg-autoplay.umd.js]
[www.cssscript.com/demo/responsive-lightbox-gallery-pure-javascript-css3-lightgallery/lightgallery.umd.js]
[www.cssscript.com/demo/responsive-lightbox-gallery-pure-javascript-css3-lightgallery/plugins/comment/lg-comment.umd.js]
[www.cssscript.com/demo/responsive-lightbox-gallery-pure-javascript-css3-lightgallery/plugins/fullscreen/lg-fullscreen.umd.js]
[cdn.jsdelivr.net/npm/jquery@3.6.0/dist/jquery.js]
[www.cssscript.com/demo/responsive-lightbox-gallery-pure-javascript-css3-lightgallery/plugins/hash/lg-hash.umd.js]
[www.cssscript.com/demo/responsive-lightbox-gallery-pure-javascript-css3-lightgallery/plugins/pager/lg-pager.umd.js]
[www.cssscript.com/demo/responsive-lightbox-gallery-pure-javascript-css3-lightgallery/plugins/rotate/lg-rotate.umd.js]
[www.cssscript.com/demo/responsive-lightbox-gallery-pure-javascript-css3-lightgallery/plugins/share/lg-share.umd.js]
[www.cssscript.com/demo/responsive-lightbox-gallery-pure-javascript-css3-lightgallery/plugins/thumbnail/lg-thumbnail.umd.js]
[www.cssscript.com/demo/responsive-lightbox-gallery-pure-javascript-css3-lightgallery/plugins/video/lg-video.umd.js]
[www.cssscript.com/demo/responsive-lightbox-gallery-pure-javascript-css3-lightgallery/plugins/zoom/lg-zoom.umd.js]
[www.cssscript.com/demo/responsive-lightbox-gallery-pure-javascript-css3-lightgallery/index.html]
[www.google-analytics.com/analytics.js]
[www.cssscript.com/demo/sticky.css]
[cdn.carbonads.com/carbon544e.js]
[www.cssscript.com/demo/responsive-lightbox-gallery-pure-javascript-css3-lightgallery/fonts/lgb687.ttf]
[www.cssscript.com/demo/responsive-lightbox-gallery-pure-javascript-css3-lightgallery/fonts/lgb687.woff]
[www.cssscript.com/demo/responsive-lightbox-gallery-pure-javascript-css3-lightgallery/fonts/lgb687.svg]
[www.cssscript.com/demo/responsive-lightbox-gallery-pure-javascript-css3-lightgallery/css/lightgallery-bundle.css]
[www.cssscript.com/demo/responsive-lightbox-gallery-pure-javascript-css3-lightgallery/images/loading.gif]
[cdn.jsdelivr.net/npm/justifiedGallery@3.8.1/dist/css/justifiedGallery.css]
[cdn.jsdelivr.net/npm/bootstrap@5.0.1/dist/css/bootstrap.css]
[www.cssscript.com/demo/responsive-lightbox-gallery-pure-javascript-css3-lightgallery/Bled, Slovenia.html]
[www.cssscript.com/demo/responsive-lightbox-gallery-pure-javascript-css3-lightgallery/fonts/lgb687.svg]
